<?xml version="1.0" encoding="UTF-8"?>
<!-- Generated by org.testng.reporters.JUnitReportReporter -->
<testsuite hostname="Suresh" failures="0" tests="1" name="Organization.CreateOrganizationTest" time="28.828" errors="0" timestamp="2025-07-16T19:54:10 IST" skipped="0">
  <testcase classname="Organization.CreateOrganizationTest" name="createOrganizationTest" time="28.828"/>
</testsuite> <!-- Organization.CreateOrganizationTest -->
