<?xml version="1.0" encoding="UTF-8"?>
<!-- Generated by org.testng.reporters.JUnitReportReporter -->
<testsuite hostname="Suresh" failures="0" tests="1" name="Campaign.CreateCampaignsTest" time="25.226" errors="0" timestamp="2025-07-16T19:51:57 IST" skipped="0">
  <testcase classname="Campaign.CreateCampaignsTest" name="createCampaignsTest" time="25.226"/>
</testsuite> <!-- Campaign.CreateCampaignsTest -->
